app/build/intermediates/manifest_merge_blame_file/debug/manifest-merger-blame-debug-report.txt
1<?xml version="1.0" encoding="utf-8"?>
2<manifest xmlns:android="http://schemas.android.com/apk/res/android"
3    package="com.example.firebase"
4    android:versionCode="1"
5    android:versionName="1.0" >
6
7    <uses-sdk
8        android:minSdkVersion="33"
9        android:targetSdkVersion="33" />
10
11    <!-- Although the *SdkVersion is captured in gradle build files, this is required for non gradle builds -->
12    <!-- <uses-sdk android:minSdkVersion="21"/> -->
13    <uses-permission android:name="android.permission.ACCESS_NETWORK_STATE" />
13-->[com.google.firebase:firebase-database:21.0.0] AndroidManifest.xml:22:5-79
13-->[com.google.firebase:firebase-database:21.0.0] AndroidManifest.xml:22:22-76
14    <uses-permission android:name="android.permission.INTERNET" />
14-->[com.google.firebase:firebase-database:21.0.0] AndroidManifest.xml:23:5-67
14-->[com.google.firebase:firebase-database:21.0.0] AndroidManifest.xml:23:22-64
15    <uses-permission android:name="android.permission.WAKE_LOCK" />
15-->[com.google.android.gms:play-services-measurement-api:22.0.0] AndroidManifest.xml:24:5-68
15-->[com.google.android.gms:play-services-measurement-api:22.0.0] AndroidManifest.xml:24:22-65
16    <uses-permission android:name="com.google.android.gms.permission.AD_ID" />
16-->[com.google.android.gms:play-services-measurement-api:22.0.0] AndroidManifest.xml:25:5-79
16-->[com.google.android.gms:play-services-measurement-api:22.0.0] AndroidManifest.xml:25:22-76
17    <uses-permission android:name="android.permission.ACCESS_ADSERVICES_ATTRIBUTION" />
17-->[com.google.android.gms:play-services-measurement-api:22.0.0] AndroidManifest.xml:26:5-88
17-->[com.google.android.gms:play-services-measurement-api:22.0.0] AndroidManifest.xml:26:22-85
18    <uses-permission android:name="android.permission.ACCESS_ADSERVICES_AD_ID" />
18-->[com.google.android.gms:play-services-measurement-api:22.0.0] AndroidManifest.xml:27:5-82
18-->[com.google.android.gms:play-services-measurement-api:22.0.0] AndroidManifest.xml:27:22-79
19    <uses-permission android:name="com.google.android.finsky.permission.BIND_GET_INSTALL_REFERRER_SERVICE" />
19-->[com.google.android.gms:play-services-measurement:22.0.0] AndroidManifest.xml:26:5-110
19-->[com.google.android.gms:play-services-measurement:22.0.0] AndroidManifest.xml:26:22-107
20    <uses-permission android:name="com.google.android.providers.gsf.permission.READ_GSERVICES" />
20-->[com.google.android.recaptcha:recaptcha:18.4.0] AndroidManifest.xml:9:5-98
20-->[com.google.android.recaptcha:recaptcha:18.4.0] AndroidManifest.xml:9:22-95
21
22    <permission
22-->[androidx.core:core:1.9.0] AndroidManifest.xml:22:5-24:47
23        android:name="com.example.firebase.DYNAMIC_RECEIVER_NOT_EXPORTED_PERMISSION"
23-->[androidx.core:core:1.9.0] AndroidManifest.xml:23:9-81
24        android:protectionLevel="signature" />
24-->[androidx.core:core:1.9.0] AndroidManifest.xml:24:9-44
25
26    <uses-permission android:name="com.example.firebase.DYNAMIC_RECEIVER_NOT_EXPORTED_PERMISSION" />
26-->[androidx.core:core:1.9.0] AndroidManifest.xml:26:5-97
26-->[androidx.core:core:1.9.0] AndroidManifest.xml:26:22-94
27
28    <application
28-->src\main\AndroidManifest.xml:5:5-30:19
29        android:allowBackup="true"
29-->src\main\AndroidManifest.xml:6:9-35
30        android:appComponentFactory="androidx.core.app.CoreComponentFactory"
30-->[androidx.core:core:1.9.0] AndroidManifest.xml:28:18-86
31        android:dataExtractionRules="@xml/data_extraction_rules"
31-->src\main\AndroidManifest.xml:7:9-65
32        android:debuggable="true"
33        android:extractNativeLibs="false"
34        android:fullBackupContent="@xml/backup_rules"
34-->src\main\AndroidManifest.xml:8:9-54
35        android:icon="@mipmap/ic_launcher"
35-->src\main\AndroidManifest.xml:9:9-43
36        android:label="@string/app_name"
36-->src\main\AndroidManifest.xml:10:9-41
37        android:roundIcon="@mipmap/ic_launcher_round"
37-->src\main\AndroidManifest.xml:11:9-54
38        android:supportsRtl="true"
38-->src\main\AndroidManifest.xml:12:9-35
39        android:testOnly="true"
40        android:theme="@style/Theme.AppCompat" >
40-->src\main\AndroidManifest.xml:13:9-47
41        <activity
41-->src\main\AndroidManifest.xml:15:9-17:40
42            android:name="com.example.firebase.UserListActivity"
42-->src\main\AndroidManifest.xml:16:13-45
43            android:exported="false" />
43-->src\main\AndroidManifest.xml:17:13-37
44        <activity
44-->src\main\AndroidManifest.xml:18:9-20:40
45            android:name="com.example.firebase.ChatActivity"
45-->src\main\AndroidManifest.xml:19:13-41
46            android:exported="false" />
46-->src\main\AndroidManifest.xml:20:13-37
47        <activity
47-->src\main\AndroidManifest.xml:21:9-29:20
48            android:name="com.example.firebase.signInActivity"
48-->src\main\AndroidManifest.xml:22:13-43
49            android:exported="true" >
49-->src\main\AndroidManifest.xml:23:13-36
50            <intent-filter>
50-->src\main\AndroidManifest.xml:24:13-28:29
51                <action android:name="android.intent.action.MAIN" />
51-->src\main\AndroidManifest.xml:25:17-69
51-->src\main\AndroidManifest.xml:25:25-66
52
53                <category android:name="android.intent.category.LAUNCHER" />
53-->src\main\AndroidManifest.xml:27:17-77
53-->src\main\AndroidManifest.xml:27:27-74
54            </intent-filter>
55        </activity>
56
57        <service
57-->[com.google.firebase:firebase-database:21.0.0] AndroidManifest.xml:26:9-35:19
58            android:name="com.google.firebase.components.ComponentDiscoveryService"
58-->[com.google.firebase:firebase-database:21.0.0] AndroidManifest.xml:27:13-84
59            android:directBootAware="true"
59-->[com.google.firebase:firebase-common:21.0.0] AndroidManifest.xml:32:13-43
60            android:exported="false" >
60-->[com.google.firebase:firebase-database:21.0.0] AndroidManifest.xml:28:13-37
61            <meta-data
61-->[com.google.firebase:firebase-database:21.0.0] AndroidManifest.xml:29:13-31:85
62                android:name="com.google.firebase.components:com.google.firebase.database.FirebaseDatabaseKtxRegistrar"
62-->[com.google.firebase:firebase-database:21.0.0] AndroidManifest.xml:30:17-120
63                android:value="com.google.firebase.components.ComponentRegistrar" />
63-->[com.google.firebase:firebase-database:21.0.0] AndroidManifest.xml:31:17-82
64            <meta-data
64-->[com.google.firebase:firebase-database:21.0.0] AndroidManifest.xml:32:13-34:85
65                android:name="com.google.firebase.components:com.google.firebase.database.DatabaseRegistrar"
65-->[com.google.firebase:firebase-database:21.0.0] AndroidManifest.xml:33:17-109
66                android:value="com.google.firebase.components.ComponentRegistrar" />
66-->[com.google.firebase:firebase-database:21.0.0] AndroidManifest.xml:34:17-82
67            <meta-data
67-->[com.google.firebase:firebase-auth:23.0.0] AndroidManifest.xml:69:13-71:85
68                android:name="com.google.firebase.components:com.google.firebase.auth.FirebaseAuthRegistrar"
68-->[com.google.firebase:firebase-auth:23.0.0] AndroidManifest.xml:70:17-109
69                android:value="com.google.firebase.components.ComponentRegistrar" />
69-->[com.google.firebase:firebase-auth:23.0.0] AndroidManifest.xml:71:17-82
70            <meta-data
70-->[com.google.firebase:firebase-storage:21.0.0] AndroidManifest.xml:30:13-32:85
71                android:name="com.google.firebase.components:com.google.firebase.storage.FirebaseStorageKtxRegistrar"
71-->[com.google.firebase:firebase-storage:21.0.0] AndroidManifest.xml:31:17-118
72                android:value="com.google.firebase.components.ComponentRegistrar" />
72-->[com.google.firebase:firebase-storage:21.0.0] AndroidManifest.xml:32:17-82
73            <meta-data
73-->[com.google.firebase:firebase-storage:21.0.0] AndroidManifest.xml:33:13-35:85
74                android:name="com.google.firebase.components:com.google.firebase.storage.StorageRegistrar"
74-->[com.google.firebase:firebase-storage:21.0.0] AndroidManifest.xml:34:17-107
75                android:value="com.google.firebase.components.ComponentRegistrar" />
75-->[com.google.firebase:firebase-storage:21.0.0] AndroidManifest.xml:35:17-82
76            <meta-data
76-->[com.google.firebase:firebase-appcheck:18.0.0] AndroidManifest.xml:25:13-27:85
77                android:name="com.google.firebase.components:com.google.firebase.appcheck.FirebaseAppCheckKtxRegistrar"
77-->[com.google.firebase:firebase-appcheck:18.0.0] AndroidManifest.xml:26:17-120
78                android:value="com.google.firebase.components.ComponentRegistrar" />
78-->[com.google.firebase:firebase-appcheck:18.0.0] AndroidManifest.xml:27:17-82
79            <meta-data
79-->[com.google.firebase:firebase-appcheck:18.0.0] AndroidManifest.xml:28:13-30:85
80                android:name="com.google.firebase.components:com.google.firebase.appcheck.FirebaseAppCheckRegistrar"
80-->[com.google.firebase:firebase-appcheck:18.0.0] AndroidManifest.xml:29:17-117
81                android:value="com.google.firebase.components.ComponentRegistrar" />
81-->[com.google.firebase:firebase-appcheck:18.0.0] AndroidManifest.xml:30:17-82
82            <meta-data
82-->[com.google.android.gms:play-services-measurement-api:22.0.0] AndroidManifest.xml:37:13-39:85
83                android:name="com.google.firebase.components:com.google.firebase.analytics.connector.internal.AnalyticsConnectorRegistrar"
83-->[com.google.android.gms:play-services-measurement-api:22.0.0] AndroidManifest.xml:38:17-139
84                android:value="com.google.firebase.components.ComponentRegistrar" />
84-->[com.google.android.gms:play-services-measurement-api:22.0.0] AndroidManifest.xml:39:17-82
85            <meta-data
85-->[com.google.firebase:firebase-installations:18.0.0] AndroidManifest.xml:15:13-17:85
86                android:name="com.google.firebase.components:com.google.firebase.installations.FirebaseInstallationsKtxRegistrar"
86-->[com.google.firebase:firebase-installations:18.0.0] AndroidManifest.xml:16:17-130
87                android:value="com.google.firebase.components.ComponentRegistrar" />
87-->[com.google.firebase:firebase-installations:18.0.0] AndroidManifest.xml:17:17-82
88            <meta-data
88-->[com.google.firebase:firebase-installations:18.0.0] AndroidManifest.xml:18:13-20:85
89                android:name="com.google.firebase.components:com.google.firebase.installations.FirebaseInstallationsRegistrar"
89-->[com.google.firebase:firebase-installations:18.0.0] AndroidManifest.xml:19:17-127
90                android:value="com.google.firebase.components.ComponentRegistrar" />
90-->[com.google.firebase:firebase-installations:18.0.0] AndroidManifest.xml:20:17-82
91            <meta-data
91-->[com.google.firebase:firebase-common-ktx:21.0.0] AndroidManifest.xml:12:13-14:85
92                android:name="com.google.firebase.components:com.google.firebase.ktx.FirebaseCommonLegacyRegistrar"
92-->[com.google.firebase:firebase-common-ktx:21.0.0] AndroidManifest.xml:13:17-116
93                android:value="com.google.firebase.components.ComponentRegistrar" />
93-->[com.google.firebase:firebase-common-ktx:21.0.0] AndroidManifest.xml:14:17-82
94            <meta-data
94-->[com.google.firebase:firebase-common:21.0.0] AndroidManifest.xml:35:13-37:85
95                android:name="com.google.firebase.components:com.google.firebase.FirebaseCommonKtxRegistrar"
95-->[com.google.firebase:firebase-common:21.0.0] AndroidManifest.xml:36:17-109
96                android:value="com.google.firebase.components.ComponentRegistrar" />
96-->[com.google.firebase:firebase-common:21.0.0] AndroidManifest.xml:37:17-82
97        </service>
98
99        <activity
99-->[com.google.firebase:firebase-auth:23.0.0] AndroidManifest.xml:29:9-46:20
100            android:name="com.google.firebase.auth.internal.GenericIdpActivity"
100-->[com.google.firebase:firebase-auth:23.0.0] AndroidManifest.xml:30:13-80
101            android:excludeFromRecents="true"
101-->[com.google.firebase:firebase-auth:23.0.0] AndroidManifest.xml:31:13-46
102            android:exported="true"
102-->[com.google.firebase:firebase-auth:23.0.0] AndroidManifest.xml:32:13-36
103            android:launchMode="singleTask"
103-->[com.google.firebase:firebase-auth:23.0.0] AndroidManifest.xml:33:13-44
104            android:theme="@android:style/Theme.Translucent.NoTitleBar" >
104-->[com.google.firebase:firebase-auth:23.0.0] AndroidManifest.xml:34:13-72
105            <intent-filter>
105-->[com.google.firebase:firebase-auth:23.0.0] AndroidManifest.xml:35:13-45:29
106                <action android:name="android.intent.action.VIEW" />
106-->[com.google.firebase:firebase-auth:23.0.0] AndroidManifest.xml:36:17-69
106-->[com.google.firebase:firebase-auth:23.0.0] AndroidManifest.xml:36:25-66
107
108                <category android:name="android.intent.category.DEFAULT" />
108-->[com.google.firebase:firebase-auth:23.0.0] AndroidManifest.xml:38:17-76
108-->[com.google.firebase:firebase-auth:23.0.0] AndroidManifest.xml:38:27-73
109                <category android:name="android.intent.category.BROWSABLE" />
109-->[com.google.firebase:firebase-auth:23.0.0] AndroidManifest.xml:39:17-78
109-->[com.google.firebase:firebase-auth:23.0.0] AndroidManifest.xml:39:27-75
110
111                <data
111-->[com.google.firebase:firebase-auth:23.0.0] AndroidManifest.xml:41:17-44:51
112                    android:host="firebase.auth"
112-->[com.google.firebase:firebase-auth:23.0.0] AndroidManifest.xml:42:21-49
113                    android:path="/"
113-->[com.google.firebase:firebase-auth:23.0.0] AndroidManifest.xml:43:21-37
114                    android:scheme="genericidp" />
114-->[com.google.firebase:firebase-auth:23.0.0] AndroidManifest.xml:44:21-48
115            </intent-filter>
116        </activity>
117        <activity
117-->[com.google.firebase:firebase-auth:23.0.0] AndroidManifest.xml:47:9-64:20
118            android:name="com.google.firebase.auth.internal.RecaptchaActivity"
118-->[com.google.firebase:firebase-auth:23.0.0] AndroidManifest.xml:48:13-79
119            android:excludeFromRecents="true"
119-->[com.google.firebase:firebase-auth:23.0.0] AndroidManifest.xml:49:13-46
120            android:exported="true"
120-->[com.google.firebase:firebase-auth:23.0.0] AndroidManifest.xml:50:13-36
121            android:launchMode="singleTask"
121-->[com.google.firebase:firebase-auth:23.0.0] AndroidManifest.xml:51:13-44
122            android:theme="@android:style/Theme.Translucent.NoTitleBar" >
122-->[com.google.firebase:firebase-auth:23.0.0] AndroidManifest.xml:52:13-72
123            <intent-filter>
123-->[com.google.firebase:firebase-auth:23.0.0] AndroidManifest.xml:53:13-63:29
124                <action android:name="android.intent.action.VIEW" />
124-->[com.google.firebase:firebase-auth:23.0.0] AndroidManifest.xml:36:17-69
124-->[com.google.firebase:firebase-auth:23.0.0] AndroidManifest.xml:36:25-66
125
126                <category android:name="android.intent.category.DEFAULT" />
126-->[com.google.firebase:firebase-auth:23.0.0] AndroidManifest.xml:38:17-76
126-->[com.google.firebase:firebase-auth:23.0.0] AndroidManifest.xml:38:27-73
127                <category android:name="android.intent.category.BROWSABLE" />
127-->[com.google.firebase:firebase-auth:23.0.0] AndroidManifest.xml:39:17-78
127-->[com.google.firebase:firebase-auth:23.0.0] AndroidManifest.xml:39:27-75
128
129                <data
129-->[com.google.firebase:firebase-auth:23.0.0] AndroidManifest.xml:41:17-44:51
130                    android:host="firebase.auth"
130-->[com.google.firebase:firebase-auth:23.0.0] AndroidManifest.xml:42:21-49
131                    android:path="/"
131-->[com.google.firebase:firebase-auth:23.0.0] AndroidManifest.xml:43:21-37
132                    android:scheme="recaptcha" />
132-->[com.google.firebase:firebase-auth:23.0.0] AndroidManifest.xml:44:21-48
133            </intent-filter>
134        </activity>
135
136        <property
136-->[com.google.android.gms:play-services-measurement-api:22.0.0] AndroidManifest.xml:30:9-32:61
137            android:name="android.adservices.AD_SERVICES_CONFIG"
137-->[com.google.android.gms:play-services-measurement-api:22.0.0] AndroidManifest.xml:31:13-65
138            android:resource="@xml/ga_ad_services_config" />
138-->[com.google.android.gms:play-services-measurement-api:22.0.0] AndroidManifest.xml:32:13-58
139
140        <provider
140-->[com.google.firebase:firebase-common:21.0.0] AndroidManifest.xml:23:9-28:39
141            android:name="com.google.firebase.provider.FirebaseInitProvider"
141-->[com.google.firebase:firebase-common:21.0.0] AndroidManifest.xml:24:13-77
142            android:authorities="com.example.firebase.firebaseinitprovider"
142-->[com.google.firebase:firebase-common:21.0.0] AndroidManifest.xml:25:13-72
143            android:directBootAware="true"
143-->[com.google.firebase:firebase-common:21.0.0] AndroidManifest.xml:26:13-43
144            android:exported="false"
144-->[com.google.firebase:firebase-common:21.0.0] AndroidManifest.xml:27:13-37
145            android:initOrder="100" />
145-->[com.google.firebase:firebase-common:21.0.0] AndroidManifest.xml:28:13-36
146
147        <receiver
147-->[com.google.android.gms:play-services-measurement:22.0.0] AndroidManifest.xml:29:9-33:20
148            android:name="com.google.android.gms.measurement.AppMeasurementReceiver"
148-->[com.google.android.gms:play-services-measurement:22.0.0] AndroidManifest.xml:30:13-85
149            android:enabled="true"
149-->[com.google.android.gms:play-services-measurement:22.0.0] AndroidManifest.xml:31:13-35
150            android:exported="false" >
150-->[com.google.android.gms:play-services-measurement:22.0.0] AndroidManifest.xml:32:13-37
151        </receiver>
152
153        <service
153-->[com.google.android.gms:play-services-measurement:22.0.0] AndroidManifest.xml:35:9-38:40
154            android:name="com.google.android.gms.measurement.AppMeasurementService"
154-->[com.google.android.gms:play-services-measurement:22.0.0] AndroidManifest.xml:36:13-84
155            android:enabled="true"
155-->[com.google.android.gms:play-services-measurement:22.0.0] AndroidManifest.xml:37:13-35
156            android:exported="false" />
156-->[com.google.android.gms:play-services-measurement:22.0.0] AndroidManifest.xml:38:13-37
157        <service
157-->[com.google.android.gms:play-services-measurement:22.0.0] AndroidManifest.xml:39:9-43:72
158            android:name="com.google.android.gms.measurement.AppMeasurementJobService"
158-->[com.google.android.gms:play-services-measurement:22.0.0] AndroidManifest.xml:40:13-87
159            android:enabled="true"
159-->[com.google.android.gms:play-services-measurement:22.0.0] AndroidManifest.xml:41:13-35
160            android:exported="false"
160-->[com.google.android.gms:play-services-measurement:22.0.0] AndroidManifest.xml:42:13-37
161            android:permission="android.permission.BIND_JOB_SERVICE" />
161-->[com.google.android.gms:play-services-measurement:22.0.0] AndroidManifest.xml:43:13-69
162
163        <uses-library
163-->[androidx.privacysandbox.ads:ads-adservices:1.0.0-beta05] AndroidManifest.xml:23:9-25:40
164            android:name="android.ext.adservices"
164-->[androidx.privacysandbox.ads:ads-adservices:1.0.0-beta05] AndroidManifest.xml:24:13-50
165            android:required="false" />
165-->[androidx.privacysandbox.ads:ads-adservices:1.0.0-beta05] AndroidManifest.xml:25:13-37
166
167        <service
167-->[androidx.credentials:credentials-play-services-auth:1.2.0-rc01] AndroidManifest.xml:24:9-32:19
168            android:name="androidx.credentials.playservices.CredentialProviderMetadataHolder"
168-->[androidx.credentials:credentials-play-services-auth:1.2.0-rc01] AndroidManifest.xml:25:13-94
169            android:enabled="true"
169-->[androidx.credentials:credentials-play-services-auth:1.2.0-rc01] AndroidManifest.xml:26:13-35
170            android:exported="false" >
170-->[androidx.credentials:credentials-play-services-auth:1.2.0-rc01] AndroidManifest.xml:27:13-37
171            <meta-data
171-->[androidx.credentials:credentials-play-services-auth:1.2.0-rc01] AndroidManifest.xml:29:13-31:104
172                android:name="androidx.credentials.CREDENTIAL_PROVIDER_KEY"
172-->[androidx.credentials:credentials-play-services-auth:1.2.0-rc01] AndroidManifest.xml:30:17-76
173                android:value="androidx.credentials.playservices.CredentialProviderPlayServicesImpl" />
173-->[androidx.credentials:credentials-play-services-auth:1.2.0-rc01] AndroidManifest.xml:31:17-101
174        </service>
175
176        <activity
176-->[androidx.credentials:credentials-play-services-auth:1.2.0-rc01] AndroidManifest.xml:34:9-41:20
177            android:name="androidx.credentials.playservices.HiddenActivity"
177-->[androidx.credentials:credentials-play-services-auth:1.2.0-rc01] AndroidManifest.xml:35:13-76
178            android:configChanges="orientation|screenSize|screenLayout|keyboardHidden"
178-->[androidx.credentials:credentials-play-services-auth:1.2.0-rc01] AndroidManifest.xml:36:13-87
179            android:enabled="true"
179-->[androidx.credentials:credentials-play-services-auth:1.2.0-rc01] AndroidManifest.xml:37:13-35
180            android:exported="false"
180-->[androidx.credentials:credentials-play-services-auth:1.2.0-rc01] AndroidManifest.xml:38:13-37
181            android:fitsSystemWindows="true"
181-->[androidx.credentials:credentials-play-services-auth:1.2.0-rc01] AndroidManifest.xml:39:13-45
182            android:theme="@style/Theme.Hidden" >
182-->[androidx.credentials:credentials-play-services-auth:1.2.0-rc01] AndroidManifest.xml:40:13-48
183        </activity>
184        <activity
184-->[com.google.android.gms:play-services-auth:20.7.0] AndroidManifest.xml:23:9-27:75
185            android:name="com.google.android.gms.auth.api.signin.internal.SignInHubActivity"
185-->[com.google.android.gms:play-services-auth:20.7.0] AndroidManifest.xml:24:13-93
186            android:excludeFromRecents="true"
186-->[com.google.android.gms:play-services-auth:20.7.0] AndroidManifest.xml:25:13-46
187            android:exported="false"
187-->[com.google.android.gms:play-services-auth:20.7.0] AndroidManifest.xml:26:13-37
188            android:theme="@android:style/Theme.Translucent.NoTitleBar" />
188-->[com.google.android.gms:play-services-auth:20.7.0] AndroidManifest.xml:27:13-72
189        <!--
190            Service handling Google Sign-In user revocation. For apps that do not integrate with
191            Google Sign-In, this service will never be started.
192        -->
193        <service
193-->[com.google.android.gms:play-services-auth:20.7.0] AndroidManifest.xml:33:9-37:51
194            android:name="com.google.android.gms.auth.api.signin.RevocationBoundService"
194-->[com.google.android.gms:play-services-auth:20.7.0] AndroidManifest.xml:34:13-89
195            android:exported="true"
195-->[com.google.android.gms:play-services-auth:20.7.0] AndroidManifest.xml:35:13-36
196            android:permission="com.google.android.gms.auth.api.signin.permission.REVOCATION_NOTIFICATION"
196-->[com.google.android.gms:play-services-auth:20.7.0] AndroidManifest.xml:36:13-107
197            android:visibleToInstantApps="true" />
197-->[com.google.android.gms:play-services-auth:20.7.0] AndroidManifest.xml:37:13-48
198
199        <activity
199-->[com.google.android.gms:play-services-base:18.1.0] AndroidManifest.xml:20:9-22:45
200            android:name="com.google.android.gms.common.api.GoogleApiActivity"
200-->[com.google.android.gms:play-services-base:18.1.0] AndroidManifest.xml:20:19-85
201            android:exported="false"
201-->[com.google.android.gms:play-services-base:18.1.0] AndroidManifest.xml:22:19-43
202            android:theme="@android:style/Theme.Translucent.NoTitleBar" />
202-->[com.google.android.gms:play-services-base:18.1.0] AndroidManifest.xml:21:19-78
203
204        <provider
204-->[androidx.emoji2:emoji2:1.2.0] AndroidManifest.xml:24:9-32:20
205            android:name="androidx.startup.InitializationProvider"
205-->[androidx.emoji2:emoji2:1.2.0] AndroidManifest.xml:25:13-67
206            android:authorities="com.example.firebase.androidx-startup"
206-->[androidx.emoji2:emoji2:1.2.0] AndroidManifest.xml:26:13-68
207            android:exported="false" >
207-->[androidx.emoji2:emoji2:1.2.0] AndroidManifest.xml:27:13-37
208            <meta-data
208-->[androidx.emoji2:emoji2:1.2.0] AndroidManifest.xml:29:13-31:52
209                android:name="androidx.emoji2.text.EmojiCompatInitializer"
209-->[androidx.emoji2:emoji2:1.2.0] AndroidManifest.xml:30:17-75
210                android:value="androidx.startup" />
210-->[androidx.emoji2:emoji2:1.2.0] AndroidManifest.xml:31:17-49
211            <meta-data
211-->[androidx.lifecycle:lifecycle-process:2.6.1] AndroidManifest.xml:29:13-31:52
212                android:name="androidx.lifecycle.ProcessLifecycleInitializer"
212-->[androidx.lifecycle:lifecycle-process:2.6.1] AndroidManifest.xml:30:17-78
213                android:value="androidx.startup" />
213-->[androidx.lifecycle:lifecycle-process:2.6.1] AndroidManifest.xml:31:17-49
214            <meta-data
214-->[androidx.profileinstaller:profileinstaller:1.3.0] AndroidManifest.xml:29:13-31:52
215                android:name="androidx.profileinstaller.ProfileInstallerInitializer"
215-->[androidx.profileinstaller:profileinstaller:1.3.0] AndroidManifest.xml:30:17-85
216                android:value="androidx.startup" />
216-->[androidx.profileinstaller:profileinstaller:1.3.0] AndroidManifest.xml:31:17-49
217        </provider>
218
219        <meta-data
219-->[com.google.android.gms:play-services-basement:18.3.0] AndroidManifest.xml:21:9-23:69
220            android:name="com.google.android.gms.version"
220-->[com.google.android.gms:play-services-basement:18.3.0] AndroidManifest.xml:22:13-58
221            android:value="@integer/google_play_services_version" />
221-->[com.google.android.gms:play-services-basement:18.3.0] AndroidManifest.xml:23:13-66
222
223        <receiver
223-->[androidx.profileinstaller:profileinstaller:1.3.0] AndroidManifest.xml:34:9-52:20
224            android:name="androidx.profileinstaller.ProfileInstallReceiver"
224-->[androidx.profileinstaller:profileinstaller:1.3.0] AndroidManifest.xml:35:13-76
225            android:directBootAware="false"
225-->[androidx.profileinstaller:profileinstaller:1.3.0] AndroidManifest.xml:36:13-44
226            android:enabled="true"
226-->[androidx.profileinstaller:profileinstaller:1.3.0] AndroidManifest.xml:37:13-35
227            android:exported="true"
227-->[androidx.profileinstaller:profileinstaller:1.3.0] AndroidManifest.xml:38:13-36
228            android:permission="android.permission.DUMP" >
228-->[androidx.profileinstaller:profileinstaller:1.3.0] AndroidManifest.xml:39:13-57
229            <intent-filter>
229-->[androidx.profileinstaller:profileinstaller:1.3.0] AndroidManifest.xml:40:13-42:29
230                <action android:name="androidx.profileinstaller.action.INSTALL_PROFILE" />
230-->[androidx.profileinstaller:profileinstaller:1.3.0] AndroidManifest.xml:41:17-91
230-->[androidx.profileinstaller:profileinstaller:1.3.0] AndroidManifest.xml:41:25-88
231            </intent-filter>
232            <intent-filter>
232-->[androidx.profileinstaller:profileinstaller:1.3.0] AndroidManifest.xml:43:13-45:29
233                <action android:name="androidx.profileinstaller.action.SKIP_FILE" />
233-->[androidx.profileinstaller:profileinstaller:1.3.0] AndroidManifest.xml:44:17-85
233-->[androidx.profileinstaller:profileinstaller:1.3.0] AndroidManifest.xml:44:25-82
234            </intent-filter>
235            <intent-filter>
235-->[androidx.profileinstaller:profileinstaller:1.3.0] AndroidManifest.xml:46:13-48:29
236                <action android:name="androidx.profileinstaller.action.SAVE_PROFILE" />
236-->[androidx.profileinstaller:profileinstaller:1.3.0] AndroidManifest.xml:47:17-88
236-->[androidx.profileinstaller:profileinstaller:1.3.0] AndroidManifest.xml:47:25-85
237            </intent-filter>
238            <intent-filter>
238-->[androidx.profileinstaller:profileinstaller:1.3.0] AndroidManifest.xml:49:13-51:29
239                <action android:name="androidx.profileinstaller.action.BENCHMARK_OPERATION" />
239-->[androidx.profileinstaller:profileinstaller:1.3.0] AndroidManifest.xml:50:17-95
239-->[androidx.profileinstaller:profileinstaller:1.3.0] AndroidManifest.xml:50:25-92
240            </intent-filter>
241        </receiver>
242    </application>
243
244</manifest>